# JRE version: 7.0_21-b11
# Java VM: Java HotSpot(TM) 64-Bit Server VM (23.21-b01 mixed mode windows-amd64 compressed oops)
Heap
 PSYoungGen      total 236992K, used 4694K [0x0000000756000000, 0x0000000769230000, 0x0000000800000000)
  eden space 203584K, 2% used [0x0000000756000000,0x00000007564959a8,0x00000007626d0000)
  from space 33408K, 0% used [0x0000000762dd0000,0x0000000762dd0000,0x0000000764e70000)
  to   space 54976K, 0% used [0x0000000765c80000,0x0000000765c80000,0x0000000769230000)
 ParOldGen       total 308800K, used 176937K [0x0000000602000000, 0x0000000614d90000, 0x0000000756000000)
  object space 308800K, 57% used [0x0000000602000000,0x000000060ccca608,0x0000000614d90000)
 PSPermGen       total 131072K, used 99049K [0x00000005fa000000, 0x0000000602000000, 0x0000000602000000)
  object space 131072K, 75% used [0x00000005fa000000,0x00000006000ba6c0,0x0000000602000000)
GC Heap History (10 events):
Event: 209.439 GC heap before
{Heap before GC invocations=19 (full 1):
 PSYoungGen      total 238528K, used 238493K [0x0000000756000000, 0x000000076b1e0000, 0x0000000800000000)
  eden space 234368K, 100% used [0x0000000756000000,0x00000007644e0000,0x00000007644e0000)
  from space 4160K, 99% used [0x0000000764d50000,0x00000007651576b8,0x0000000765160000)
  to   space 55808K, 0% used [0x0000000767b60000,0x0000000767b60000,0x000000076b1e0000)
 ParOldGen       total 261632K, used 202179K [0x0000000602000000, 0x0000000611f80000, 0x0000000756000000)
  object space 261632K, 77% used [0x0000000602000000,0x000000060e570f00,0x0000000611f80000)
 PSPermGen       total 103872K, used 98947K [0x00000005fa000000, 0x0000000600570000, 0x0000000602000000)
  object space 103872K, 95% used [0x00000005fa000000,0x00000006000a0cf8,0x0000000600570000)
Event: 209.456 GC heap after
Heap after GC invocations=19 (full 1):
 PSYoungGen      total 275840K, used 4338K [0x0000000756000000, 0x000000076abf0000, 0x0000000800000000)
  eden space 226112K, 0% used [0x0000000756000000,0x0000000756000000,0x0000000763cd0000)
  from space 49728K, 8% used [0x0000000767b60000,0x0000000767f9cab0,0x000000076abf0000)
  to   space 56896K, 0% used [0x0000000763cd0000,0x0000000763cd0000,0x0000000767460000)
 ParOldGen       total 261632K, used 204737K [0x0000000602000000, 0x0000000611f80000, 0x0000000756000000)
  object space 261632K, 78% used [0x0000000602000000,0x000000060e7f0500,0x0000000611f80000)
 PSPermGen       total 103872K, used 98947K [0x00000005fa000000, 0x0000000600570000, 0x0000000602000000)
  object space 103872K, 95% used [0x00000005fa000000,0x00000006000a0cf8,0x0000000600570000)
}
Event: 235.498 GC heap before
{Heap before GC invocations=20 (full 1):
 PSYoungGen      total 275840K, used 230450K [0x0000000756000000, 0x000000076abf0000, 0x0000000800000000)
  eden space 226112K, 100% used [0x0000000756000000,0x0000000763cd0000,0x0000000763cd0000)
  from space 49728K, 8% used [0x0000000767b60000,0x0000000767f9cab0,0x000000076abf0000)
  to   space 56896K, 0% used [0x0000000763cd0000,0x0000000763cd0000,0x0000000767460000)
 ParOldGen       total 261632K, used 204737K [0x0000000602000000, 0x0000000611f80000, 0x0000000756000000)
  object space 261632K, 78% used [0x0000000602000000,0x000000060e7f0500,0x0000000611f80000)
 PSPermGen       total 103872K, used 98999K [0x00000005fa000000, 0x0000000600570000, 0x0000000602000000)
  object space 103872K, 95% used [0x00000005fa000000,0x00000006000add10,0x0000000600570000)
Event: 235.518 GC heap after
Heap after GC invocations=20 (full 1):
 PSYoungGen      total 221248K, used 2992K [0x0000000756000000, 0x000000076a560000, 0x0000000800000000)
  eden space 218240K, 0% used [0x0000000756000000,0x0000000756000000,0x0000000763520000)
  from space 3008K, 99% used [0x0000000763cd0000,0x0000000763fbc030,0x0000000763fc0000)
  to   space 57472K, 0% used [0x0000000766d40000,0x0000000766d40000,0x000000076a560000)
 ParOldGen       total 261632K, used 207535K [0x0000000602000000, 0x0000000611f80000, 0x0000000756000000)
  object space 261632K, 79% used [0x0000000602000000,0x000000060eaabd78,0x0000000611f80000)
 PSPermGen       total 103872K, used 98999K [0x00000005fa000000, 0x0000000600570000, 0x0000000602000000)
  object space 103872K, 95% used [0x00000005fa000000,0x00000006000add10,0x0000000600570000)
}
Event: 251.728 GC heap before
{Heap before GC invocations=21 (full 1):
 PSYoungGen      total 221248K, used 221232K [0x0000000756000000, 0x000000076a560000, 0x0000000800000000)
  eden space 218240K, 100% used [0x0000000756000000,0x0000000763520000,0x0000000763520000)
  from space 3008K, 99% used [0x0000000763cd0000,0x0000000763fbc030,0x0000000763fc0000)
  to   space 57472K, 0% used [0x0000000766d40000,0x0000000766d40000,0x000000076a560000)
 ParOldGen       total 261632K, used 207535K [0x0000000602000000, 0x0000000611f80000, 0x0000000756000000)
  object space 261632K, 79% used [0x0000000602000000,0x000000060eaabd78,0x0000000611f80000)
 PSPermGen       total 103872K, used 99055K [0x00000005fa000000, 0x0000000600570000, 0x0000000602000000)
  object space 103872K, 95% used [0x00000005fa000000,0x00000006000bbdd8,0x0000000600570000)
Event: 251.745 GC heap after
Heap after GC invocations=21 (full 1):
 PSYoungGen      total 254208K, used 22008K [0x0000000756000000, 0x00000007697b0000, 0x0000000800000000)
  eden space 210752K, 0% used [0x0000000756000000,0x0000000756000000,0x0000000762dd0000)
  from space 43456K, 50% used [0x0000000766d40000,0x00000007682be230,0x00000007697b0000)
  to   space 54208K, 0% used [0x0000000762dd0000,0x0000000762dd0000,0x00000007662c0000)
 ParOldGen       total 261632K, used 208003K [0x0000000602000000, 0x0000000611f80000, 0x0000000756000000)
  object space 261632K, 79% used [0x0000000602000000,0x000000060eb20f18,0x0000000611f80000)
 PSPermGen       total 103872K, used 99055K [0x00000005fa000000, 0x0000000600570000, 0x0000000602000000)
  object space 103872K, 95% used [0x00000005fa000000,0x00000006000bbdd8,0x0000000600570000)
}
Event: 256.693 GC heap before
{Heap before GC invocations=22 (full 1):
 PSYoungGen      total 254208K, used 232760K [0x0000000756000000, 0x00000007697b0000, 0x0000000800000000)
  eden space 210752K, 100% used [0x0000000756000000,0x0000000762dd0000,0x0000000762dd0000)
  from space 43456K, 50% used [0x0000000766d40000,0x00000007682be230,0x00000007697b0000)
  to   space 54208K, 0% used [0x0000000762dd0000,0x0000000762dd0000,0x00000007662c0000)
 ParOldGen       total 261632K, used 208003K [0x0000000602000000, 0x0000000611f80000, 0x0000000756000000)
  object space 261632K, 79% used [0x0000000602000000,0x000000060eb20f18,0x0000000611f80000)
 PSPermGen       total 103872K, used 99069K [0x00000005fa000000, 0x0000000600570000, 0x0000000602000000)
  object space 103872K, 95% used [0x00000005fa000000,0x00000006000bf4a0,0x0000000600570000)
Event: 256.722 GC heap after
Heap after GC invocations=22 (full 1):
 PSYoungGen      total 236992K, used 33345K [0x0000000756000000, 0x0000000769230000, 0x0000000800000000)
  eden space 203584K, 0% used [0x0000000756000000,0x0000000756000000,0x00000007626d0000)
  from space 33408K, 99% used [0x0000000762dd0000,0x0000000764e606b8,0x0000000764e70000)
  to   space 54976K, 0% used [0x0000000765c80000,0x0000000765c80000,0x0000000769230000)
 ParOldGen       total 261632K, used 232710K [0x0000000602000000, 0x0000000611f80000, 0x0000000756000000)
  object space 261632K, 88% used [0x0000000602000000,0x00000006103419d8,0x0000000611f80000)
 PSPermGen       total 103872K, used 99069K [0x00000005fa000000, 0x0000000600570000, 0x0000000602000000)
  object space 103872K, 95% used [0x00000005fa000000,0x00000006000bf4a0,0x0000000600570000)
}
Event: 256.722 GC heap before
{Heap before GC invocations=23 (full 2):
 PSYoungGen      total 236992K, used 33345K [0x0000000756000000, 0x0000000769230000, 0x0000000800000000)
  eden space 203584K, 0% used [0x0000000756000000,0x0000000756000000,0x00000007626d0000)
  from space 33408K, 99% used [0x0000000762dd0000,0x0000000764e606b8,0x0000000764e70000)
  to   space 54976K, 0% used [0x0000000765c80000,0x0000000765c80000,0x0000000769230000)
 ParOldGen       total 261632K, used 232710K [0x0000000602000000, 0x0000000611f80000, 0x0000000756000000)
  object space 261632K, 88% used [0x0000000602000000,0x00000006103419d8,0x0000000611f80000)
 PSPermGen       total 103872K, used 99069K [0x00000005fa000000, 0x0000000600570000, 0x0000000602000000)
  object space 103872K, 95% used [0x00000005fa000000,0x00000006000bf4a0,0x0000000600570000)
Event: 257.035 GC heap after
Heap after GC invocations=23 (full 2):
 PSYoungGen      total 236992K, used 0K [0x0000000756000000, 0x0000000769230000, 0x0000000800000000)
  eden space 203584K, 0% used [0x0000000756000000,0x0000000756000000,0x00000007626d0000)
  from space 33408K, 0% used [0x0000000762dd0000,0x0000000762dd0000,0x0000000764e70000)
  to   space 54976K, 0% used [0x0000000765c80000,0x0000000765c80000,0x0000000769230000)
 ParOldGen       total 308800K, used 176937K [0x0000000602000000, 0x0000000614d90000, 0x0000000756000000)
  object space 308800K, 57% used [0x0000000602000000,0x000000060ccca608,0x0000000614d90000)
 PSPermGen       total 131072K, used 99049K [0x00000005fa000000, 0x0000000602000000, 0x0000000602000000)
  object space 131072K, 75% used [0x00000005fa000000,0x00000006000ba6a0,0x0000000602000000)
}

