# JRE version: 7.0_21-b11
# Java VM: Java HotSpot(TM) 64-Bit Server VM (23.21-b01 mixed mode windows-amd64 compressed oops)
Heap
 PSYoungGen      total 493824K, used 10044K [0x0000000756000000, 0x000000077a510000, 0x0000000800000000)
  eden space 437056K, 2% used [0x0000000756000000,0x00000007569cf0e8,0x0000000770ad0000)
  from space 56768K, 0% used [0x0000000776da0000,0x0000000776da0000,0x000000077a510000)
  to   space 78976K, 0% used [0x0000000770ad0000,0x0000000770ad0000,0x00000007757f0000)
 ParOldGen       total 281344K, used 159040K [0x0000000602000000, 0x00000006132c0000, 0x0000000756000000)
  object space 281344K, 56% used [0x0000000602000000,0x000000060bb501c0,0x00000006132c0000)
 PSPermGen       total 117952K, used 88327K [0x00000005fa000000, 0x0000000601330000, 0x0000000602000000)
  object space 117952K, 74% used [0x00000005fa000000,0x00000005ff641d98,0x0000000601330000)
GC Heap History (10 events):
Event: 343.926 GC heap before
{Heap before GC invocations=10 (full 1):
 PSYoungGen      total 568768K, used 69227K [0x0000000756000000, 0x000000077f650000, 0x0000000800000000)
  eden space 499520K, 0% used [0x0000000756000000,0x0000000756000000,0x00000007747d0000)
  from space 69248K, 99% used [0x0000000775e80000,0x000000077a21ac98,0x000000077a220000)
  to   space 86208K, 0% used [0x000000077a220000,0x000000077a220000,0x000000077f650000)
 ParOldGen       total 174272K, used 145653K [0x0000000602000000, 0x000000060ca30000, 0x0000000756000000)
  object space 174272K, 83% used [0x0000000602000000,0x000000060ae3d750,0x000000060ca30000)
 PSPermGen       total 59072K, used 58976K [0x00000005fa000000, 0x00000005fd9b0000, 0x0000000602000000)
  object space 59072K, 99% used [0x00000005fa000000,0x00000005fd998240,0x00000005fd9b0000)
Event: 344.133 GC heap after
Heap after GC invocations=10 (full 1):
 PSYoungGen      total 568768K, used 0K [0x0000000756000000, 0x000000077f650000, 0x0000000800000000)
  eden space 499520K, 0% used [0x0000000756000000,0x0000000756000000,0x00000007747d0000)
  from space 69248K, 0% used [0x0000000775e80000,0x0000000775e80000,0x000000077a220000)
  to   space 86208K, 0% used [0x000000077a220000,0x000000077a220000,0x000000077f650000)
 ParOldGen       total 254016K, used 139245K [0x0000000602000000, 0x0000000611810000, 0x0000000756000000)
  object space 254016K, 54% used [0x0000000602000000,0x000000060a7fb568,0x0000000611810000)
 PSPermGen       total 117952K, used 58937K [0x00000005fa000000, 0x0000000601330000, 0x0000000602000000)
  object space 117952K, 49% used [0x00000005fa000000,0x00000005fd98e6c0,0x0000000601330000)
}
Event: 360.977 GC heap before
{Heap before GC invocations=11 (full 1):
 PSYoungGen      total 568768K, used 499520K [0x0000000756000000, 0x000000077f650000, 0x0000000800000000)
  eden space 499520K, 100% used [0x0000000756000000,0x00000007747d0000,0x00000007747d0000)
  from space 69248K, 0% used [0x0000000775e80000,0x0000000775e80000,0x000000077a220000)
  to   space 86208K, 0% used [0x000000077a220000,0x000000077a220000,0x000000077f650000)
 ParOldGen       total 254016K, used 139245K [0x0000000602000000, 0x0000000611810000, 0x0000000756000000)
  object space 254016K, 54% used [0x0000000602000000,0x000000060a7fb5c8,0x0000000611810000)
 PSPermGen       total 117952K, used 71164K [0x00000005fa000000, 0x0000000601330000, 0x0000000602000000)
  object space 117952K, 60% used [0x00000005fa000000,0x00000005fe57f2a0,0x0000000601330000)
Event: 361.007 GC heap after
Heap after GC invocations=11 (full 1):
 PSYoungGen      total 534528K, used 44306K [0x0000000756000000, 0x000000077d9b0000, 0x0000000800000000)
  eden space 477632K, 0% used [0x0000000756000000,0x0000000756000000,0x0000000773270000)
  from space 56896K, 77% used [0x000000077a220000,0x000000077cd64af8,0x000000077d9b0000)
  to   space 85632K, 0% used [0x0000000773270000,0x0000000773270000,0x0000000778610000)
 ParOldGen       total 254016K, used 139253K [0x0000000602000000, 0x0000000611810000, 0x0000000756000000)
  object space 254016K, 54% used [0x0000000602000000,0x000000060a7fd5c8,0x0000000611810000)
 PSPermGen       total 117952K, used 71164K [0x00000005fa000000, 0x0000000601330000, 0x0000000602000000)
  object space 117952K, 60% used [0x00000005fa000000,0x00000005fe57f2a0,0x0000000601330000)
}
Event: 365.346 GC heap before
{Heap before GC invocations=12 (full 1):
 PSYoungGen      total 534528K, used 521938K [0x0000000756000000, 0x000000077d9b0000, 0x0000000800000000)
  eden space 477632K, 100% used [0x0000000756000000,0x0000000773270000,0x0000000773270000)
  from space 56896K, 77% used [0x000000077a220000,0x000000077cd64af8,0x000000077d9b0000)
  to   space 85632K, 0% used [0x0000000773270000,0x0000000773270000,0x0000000778610000)
 ParOldGen       total 254016K, used 139322K [0x0000000602000000, 0x0000000611810000, 0x0000000756000000)
  object space 254016K, 54% used [0x0000000602000000,0x000000060a80ebf0,0x0000000611810000)
 PSPermGen       total 117952K, used 84107K [0x00000005fa000000, 0x0000000601330000, 0x0000000602000000)
  object space 117952K, 71% used [0x00000005fa000000,0x00000005ff222c28,0x0000000601330000)
Event: 365.383 GC heap after
Heap after GC invocations=12 (full 1):
 PSYoungGen      total 497472K, used 40598K [0x0000000756000000, 0x000000077bd20000, 0x0000000800000000)
  eden space 456832K, 0% used [0x0000000756000000,0x0000000756000000,0x0000000771e20000)
  from space 40640K, 99% used [0x0000000773270000,0x0000000775a15a20,0x0000000775a20000)
  to   space 81408K, 0% used [0x0000000776da0000,0x0000000776da0000,0x000000077bd20000)
 ParOldGen       total 254016K, used 170831K [0x0000000602000000, 0x0000000611810000, 0x0000000756000000)
  object space 254016K, 67% used [0x0000000602000000,0x000000060c6d3dc0,0x0000000611810000)
 PSPermGen       total 117952K, used 84107K [0x00000005fa000000, 0x0000000601330000, 0x0000000602000000)
  object space 117952K, 71% used [0x00000005fa000000,0x00000005ff222c28,0x0000000601330000)
}
Event: 429.488 GC heap before
{Heap before GC invocations=13 (full 1):
 PSYoungGen      total 497472K, used 497430K [0x0000000756000000, 0x000000077bd20000, 0x0000000800000000)
  eden space 456832K, 100% used [0x0000000756000000,0x0000000771e20000,0x0000000771e20000)
  from space 40640K, 99% used [0x0000000773270000,0x0000000775a15a20,0x0000000775a20000)
  to   space 81408K, 0% used [0x0000000776da0000,0x0000000776da0000,0x000000077bd20000)
 ParOldGen       total 254016K, used 170831K [0x0000000602000000, 0x0000000611810000, 0x0000000756000000)
  object space 254016K, 67% used [0x0000000602000000,0x000000060c6d3dc0,0x0000000611810000)
 PSPermGen       total 117952K, used 88137K [0x00000005fa000000, 0x0000000601330000, 0x0000000602000000)
  object space 117952K, 74% used [0x00000005fa000000,0x00000005ff612478,0x0000000601330000)
Event: 429.530 GC heap after
Heap after GC invocations=13 (full 1):
 PSYoungGen      total 493824K, used 32620K [0x0000000756000000, 0x000000077a510000, 0x0000000800000000)
  eden space 437056K, 0% used [0x0000000756000000,0x0000000756000000,0x0000000770ad0000)
  from space 56768K, 57% used [0x0000000776da0000,0x0000000778d7b280,0x000000077a510000)
  to   space 78976K, 0% used [0x0000000770ad0000,0x0000000770ad0000,0x00000007757f0000)
 ParOldGen       total 254016K, used 209312K [0x0000000602000000, 0x0000000611810000, 0x0000000756000000)
  object space 254016K, 82% used [0x0000000602000000,0x000000060ec682f8,0x0000000611810000)
 PSPermGen       total 117952K, used 88137K [0x00000005fa000000, 0x0000000601330000, 0x0000000602000000)
  object space 117952K, 74% used [0x00000005fa000000,0x00000005ff612478,0x0000000601330000)
}
Event: 429.530 GC heap before
{Heap before GC invocations=14 (full 2):
 PSYoungGen      total 493824K, used 32620K [0x0000000756000000, 0x000000077a510000, 0x0000000800000000)
  eden space 437056K, 0% used [0x0000000756000000,0x0000000756000000,0x0000000770ad0000)
  from space 56768K, 57% used [0x0000000776da0000,0x0000000778d7b280,0x000000077a510000)
  to   space 78976K, 0% used [0x0000000770ad0000,0x0000000770ad0000,0x00000007757f0000)
 ParOldGen       total 254016K, used 209312K [0x0000000602000000, 0x0000000611810000, 0x0000000756000000)
  object space 254016K, 82% used [0x0000000602000000,0x000000060ec682f8,0x0000000611810000)
 PSPermGen       total 117952K, used 88137K [0x00000005fa000000, 0x0000000601330000, 0x0000000602000000)
  object space 117952K, 74% used [0x00000005fa000000,0x00000005ff612478,0x0000000601330000)
Event: 429.767 GC heap after
Heap after GC invocations=14 (full 2):
 PSYoungGen      total 493824K, used 0K [0x0000000756000000, 0x000000077a510000, 0x0000000800000000)
  eden space 437056K, 0% used [0x0000000756000000,0x0000000756000000,0x0000000770ad0000)
  from space 56768K, 0% used [0x0000000776da0000,0x0000000776da0000,0x000000077a510000)
  to   space 78976K, 0% used [0x0000000770ad0000,0x0000000770ad0000,0x00000007757f0000)
 ParOldGen       total 281344K, used 159040K [0x0000000602000000, 0x00000006132c0000, 0x0000000756000000)
  object space 281344K, 56% used [0x0000000602000000,0x000000060bb501c0,0x00000006132c0000)
 PSPermGen       total 117952K, used 88110K [0x00000005fa000000, 0x0000000601330000, 0x0000000602000000)
  object space 117952K, 74% used [0x00000005fa000000,0x00000005ff60ba28,0x0000000601330000)
}

